# JRE version: OpenJDK Runtime Environment (8.0_152-b01) (build 1.8.0_152-release-915-b01)
# Java VM: OpenJDK 64-Bit Server VM (25.152-b01 mixed mode windows-amd64 compressed oops)
Heap:
 PSYoungGen      total 63488K, used 17599K [0x00000000e0000000, 0x00000000e4d80000, 0x0000000100000000)
  eden space 53248K, 33% used [0x00000000e0000000,0x00000000e112fe78,0x00000000e3400000)
  from space 10240K, 0% used [0x00000000e3400000,0x00000000e3400000,0x00000000e3e00000)
  to   space 11264K, 0% used [0x00000000e4280000,0x00000000e4280000,0x00000000e4d80000)
 ParOldGen       total 195584K, used 15773K [0x00000000a0000000, 0x00000000abf00000, 0x00000000e0000000)
  object space 195584K, 8% used [0x00000000a0000000,0x00000000a0f675c0,0x00000000abf00000)
 Metaspace       used 37007K, capacity 37672K, committed 38104K, reserved 1081344K
  class space    used 4988K, capacity 5268K, committed 5376K, reserved 1048576K
GC Heap History (10 events):
Event: 4.764 GC heap before
{Heap before GC invocations=5 (full 1):
 PSYoungGen      total 57344K, used 49152K [0x00000000e0000000, 0x00000000e4000000, 0x0000000100000000)
  eden space 49152K, 100% used [0x00000000e0000000,0x00000000e3000000,0x00000000e3000000)
  from space 8192K, 0% used [0x00000000e3000000,0x00000000e3000000,0x00000000e3800000)
  to   space 8192K, 0% used [0x00000000e3800000,0x00000000e3800000,0x00000000e4000000)
 ParOldGen       total 104960K, used 9002K [0x00000000a0000000, 0x00000000a6680000, 0x00000000e0000000)
  object space 104960K, 8% used [0x00000000a0000000,0x00000000a08ca9c0,0x00000000a6680000)
 Metaspace       used 24586K, capacity 25148K, committed 25472K, reserved 1071104K
  class space    used 3400K, capacity 3601K, committed 3712K, reserved 1048576K
Event: 4.768 GC heap after
Heap after GC invocations=5 (full 1):
 PSYoungGen      total 57344K, used 6108K [0x00000000e0000000, 0x00000000e4400000, 0x0000000100000000)
  eden space 49152K, 0% used [0x00000000e0000000,0x00000000e0000000,0x00000000e3000000)
  from space 8192K, 74% used [0x00000000e3800000,0x00000000e3df71a0,0x00000000e4000000)
  to   space 8192K, 0% used [0x00000000e3000000,0x00000000e3000000,0x00000000e3800000)
 ParOldGen       total 104960K, used 9010K [0x00000000a0000000, 0x00000000a6680000, 0x00000000e0000000)
  object space 104960K, 8% used [0x00000000a0000000,0x00000000a08cc9c0,0x00000000a6680000)
 Metaspace       used 24586K, capacity 25148K, committed 25472K, reserved 1071104K
  class space    used 3400K, capacity 3601K, committed 3712K, reserved 1048576K
}
Event: 5.265 GC heap before
{Heap before GC invocations=6 (full 1):
 PSYoungGen      total 57344K, used 55260K [0x00000000e0000000, 0x00000000e4400000, 0x0000000100000000)
  eden space 49152K, 100% used [0x00000000e0000000,0x00000000e3000000,0x00000000e3000000)
  from space 8192K, 74% used [0x00000000e3800000,0x00000000e3df71a0,0x00000000e4000000)
  to   space 8192K, 0% used [0x00000000e3000000,0x00000000e3000000,0x00000000e3800000)
 ParOldGen       total 104960K, used 9010K [0x00000000a0000000, 0x00000000a6680000, 0x00000000e0000000)
  object space 104960K, 8% used [0x00000000a0000000,0x00000000a08cc9c0,0x00000000a6680000)
 Metaspace       used 27953K, capacity 28524K, committed 28672K, reserved 1073152K
  class space    used 3898K, capacity 4063K, committed 4096K, reserved 1048576K
Event: 5.270 GC heap after
Heap after GC invocations=6 (full 1):
 PSYoungGen      total 57344K, used 7518K [0x00000000e0000000, 0x00000000e4980000, 0x0000000100000000)
  eden space 49152K, 0% used [0x00000000e0000000,0x00000000e0000000,0x00000000e3000000)
  from space 8192K, 91% used [0x00000000e3000000,0x00000000e3757a00,0x00000000e3800000)
  to   space 10752K, 0% used [0x00000000e3f00000,0x00000000e3f00000,0x00000000e4980000)
 ParOldGen       total 104960K, used 9018K [0x00000000a0000000, 0x00000000a6680000, 0x00000000e0000000)
  object space 104960K, 8% used [0x00000000a0000000,0x00000000a08ce9c0,0x00000000a6680000)
 Metaspace       used 27953K, capacity 28524K, committed 28672K, reserved 1073152K
  class space    used 3898K, capacity 4063K, committed 4096K, reserved 1048576K
}
Event: 9.588 GC heap before
{Heap before GC invocations=7 (full 1):
 PSYoungGen      total 57344K, used 56670K [0x00000000e0000000, 0x00000000e4980000, 0x0000000100000000)
  eden space 49152K, 100% used [0x00000000e0000000,0x00000000e3000000,0x00000000e3000000)
  from space 8192K, 91% used [0x00000000e3000000,0x00000000e3757a00,0x00000000e3800000)
  to   space 10752K, 0% used [0x00000000e3f00000,0x00000000e3f00000,0x00000000e4980000)
 ParOldGen       total 104960K, used 9018K [0x00000000a0000000, 0x00000000a6680000, 0x00000000e0000000)
  object space 104960K, 8% used [0x00000000a0000000,0x00000000a08ce9c0,0x00000000a6680000)
 Metaspace       used 30225K, capacity 30828K, committed 30976K, reserved 1075200K
  class space    used 4110K, capacity 4319K, committed 4352K, reserved 1048576K
Event: 9.592 GC heap after
Heap after GC invocations=7 (full 1):
 PSYoungGen      total 62464K, used 6183K [0x00000000e0000000, 0x00000000e4800000, 0x0000000100000000)
  eden space 53248K, 0% used [0x00000000e0000000,0x00000000e0000000,0x00000000e3400000)
  from space 9216K, 67% used [0x00000000e3f00000,0x00000000e4509e80,0x00000000e4800000)
  to   space 10240K, 0% used [0x00000000e3400000,0x00000000e3400000,0x00000000e3e00000)
 ParOldGen       total 104960K, used 9034K [0x00000000a0000000, 0x00000000a6680000, 0x00000000e0000000)
  object space 104960K, 8% used [0x00000000a0000000,0x00000000a08d29c0,0x00000000a6680000)
 Metaspace       used 30225K, capacity 30828K, committed 30976K, reserved 1075200K
  class space    used 4110K, capacity 4319K, committed 4352K, reserved 1048576K
}
Event: 11.999 GC heap before
{Heap before GC invocations=8 (full 1):
 PSYoungGen      total 62464K, used 44705K [0x00000000e0000000, 0x00000000e4800000, 0x0000000100000000)
  eden space 53248K, 72% used [0x00000000e0000000,0x00000000e259e700,0x00000000e3400000)
  from space 9216K, 67% used [0x00000000e3f00000,0x00000000e4509e80,0x00000000e4800000)
  to   space 10240K, 0% used [0x00000000e3400000,0x00000000e3400000,0x00000000e3e00000)
 ParOldGen       total 104960K, used 9034K [0x00000000a0000000, 0x00000000a6680000, 0x00000000e0000000)
  object space 104960K, 8% used [0x00000000a0000000,0x00000000a08d29c0,0x00000000a6680000)
 Metaspace       used 34554K, capacity 35226K, committed 35416K, reserved 1079296K
  class space    used 4693K, capacity 4963K, committed 4992K, reserved 1048576K
Event: 12.006 GC heap after
Heap after GC invocations=8 (full 1):
 PSYoungGen      total 63488K, used 9795K [0x00000000e0000000, 0x00000000e4d80000, 0x0000000100000000)
  eden space 53248K, 0% used [0x00000000e0000000,0x00000000e0000000,0x00000000e3400000)
  from space 10240K, 95% used [0x00000000e3400000,0x00000000e3d90f28,0x00000000e3e00000)
  to   space 11264K, 0% used [0x00000000e4280000,0x00000000e4280000,0x00000000e4d80000)
 ParOldGen       total 104960K, used 9106K [0x00000000a0000000, 0x00000000a6680000, 0x00000000e0000000)
  object space 104960K, 8% used [0x00000000a0000000,0x00000000a08e49d0,0x00000000a6680000)
 Metaspace       used 34554K, capacity 35226K, committed 35416K, reserved 1079296K
  class space    used 4693K, capacity 4963K, committed 4992K, reserved 1048576K
}
Event: 12.006 GC heap before
{Heap before GC invocations=9 (full 2):
 PSYoungGen      total 63488K, used 9795K [0x00000000e0000000, 0x00000000e4d80000, 0x0000000100000000)
  eden space 53248K, 0% used [0x00000000e0000000,0x00000000e0000000,0x00000000e3400000)
  from space 10240K, 95% used [0x00000000e3400000,0x00000000e3d90f28,0x00000000e3e00000)
  to   space 11264K, 0% used [0x00000000e4280000,0x00000000e4280000,0x00000000e4d80000)
 ParOldGen       total 104960K, used 9106K [0x00000000a0000000, 0x00000000a6680000, 0x00000000e0000000)
  object space 104960K, 8% used [0x00000000a0000000,0x00000000a08e49d0,0x00000000a6680000)
 Metaspace       used 34554K, capacity 35226K, committed 35416K, reserved 1079296K
  class space    used 4693K, capacity 4963K, committed 4992K, reserved 1048576K
Event: 12.070 GC heap after
Heap after GC invocations=9 (full 2):
 PSYoungGen      total 63488K, used 0K [0x00000000e0000000, 0x00000000e4d80000, 0x0000000100000000)
  eden space 53248K, 0% used [0x00000000e0000000,0x00000000e0000000,0x00000000e3400000)
  from space 10240K, 0% used [0x00000000e3400000,0x00000000e3400000,0x00000000e3e00000)
  to   space 11264K, 0% used [0x00000000e4280000,0x00000000e4280000,0x00000000e4d80000)
 ParOldGen       total 195584K, used 15773K [0x00000000a0000000, 0x00000000abf00000, 0x00000000e0000000)
  object space 195584K, 8% used [0x00000000a0000000,0x00000000a0f675c0,0x00000000abf00000)
 Metaspace       used 34554K, capacity 35226K, committed 35416K, reserved 1079296K
  class space    used 4693K, capacity 4963K, committed 4992K, reserved 1048576K
}

