# JRE version: OpenJDK Runtime Environment (8.0_152-b01) (build 1.8.0_152-release-915-b01)
# Java VM: OpenJDK 64-Bit Server VM (25.152-b01 mixed mode windows-amd64 compressed oops)
Heap:
 PSYoungGen      total 132096K, used 46228K [0x00000000e0000000, 0x00000000e9c00000, 0x0000000100000000)
  eden space 110592K, 26% used [0x00000000e0000000,0x00000000e1cbb120,0x00000000e6c00000)
  from space 21504K, 78% used [0x00000000e8700000,0x00000000e976a048,0x00000000e9c00000)
  to   space 24576K, 0% used [0x00000000e6c00000,0x00000000e6c00000,0x00000000e8400000)
 ParOldGen       total 111616K, used 47516K [0x00000000a0000000, 0x00000000a6d00000, 0x00000000e0000000)
  object space 111616K, 42% used [0x00000000a0000000,0x00000000a2e673e8,0x00000000a6d00000)
 Metaspace       used 72469K, capacity 75832K, committed 76032K, reserved 1114112K
  class space    used 9552K, capacity 10386K, committed 10496K, reserved 1048576K
GC Heap History (10 events):
Event: 39.704 GC heap before
{Heap before GC invocations=21 (full 3):
 PSYoungGen      total 102400K, used 80384K [0x00000000e0000000, 0x00000000e9d80000, 0x0000000100000000)
  eden space 80384K, 100% used [0x00000000e0000000,0x00000000e4e80000,0x00000000e4e80000)
  from space 22016K, 0% used [0x00000000e4e80000,0x00000000e4e80000,0x00000000e6400000)
  to   space 27136K, 0% used [0x00000000e8300000,0x00000000e8300000,0x00000000e9d80000)
 ParOldGen       total 111616K, used 47476K [0x00000000a0000000, 0x00000000a6d00000, 0x00000000e0000000)
  object space 111616K, 42% used [0x00000000a0000000,0x00000000a2e5d3e8,0x00000000a6d00000)
 Metaspace       used 62832K, capacity 65552K, committed 65664K, reserved 1105920K
  class space    used 8397K, capacity 9072K, committed 9088K, reserved 1048576K
Event: 39.713 GC heap after
Heap after GC invocations=21 (full 3):
 PSYoungGen      total 117760K, used 8125K [0x00000000e0000000, 0x00000000e9500000, 0x0000000100000000)
  eden space 99328K, 0% used [0x00000000e0000000,0x00000000e0000000,0x00000000e6100000)
  from space 18432K, 44% used [0x00000000e8300000,0x00000000e8aef410,0x00000000e9500000)
  to   space 26624K, 0% used [0x00000000e6100000,0x00000000e6100000,0x00000000e7b00000)
 ParOldGen       total 111616K, used 47484K [0x00000000a0000000, 0x00000000a6d00000, 0x00000000e0000000)
  object space 111616K, 42% used [0x00000000a0000000,0x00000000a2e5f3e8,0x00000000a6d00000)
 Metaspace       used 62832K, capacity 65552K, committed 65664K, reserved 1105920K
  class space    used 8397K, capacity 9072K, committed 9088K, reserved 1048576K
}
Event: 46.207 GC heap before
{Heap before GC invocations=22 (full 3):
 PSYoungGen      total 117760K, used 107453K [0x00000000e0000000, 0x00000000e9500000, 0x0000000100000000)
  eden space 99328K, 100% used [0x00000000e0000000,0x00000000e6100000,0x00000000e6100000)
  from space 18432K, 44% used [0x00000000e8300000,0x00000000e8aef410,0x00000000e9500000)
  to   space 26624K, 0% used [0x00000000e6100000,0x00000000e6100000,0x00000000e7b00000)
 ParOldGen       total 111616K, used 47484K [0x00000000a0000000, 0x00000000a6d00000, 0x00000000e0000000)
  object space 111616K, 42% used [0x00000000a0000000,0x00000000a2e5f3e8,0x00000000a6d00000)
 Metaspace       used 64197K, capacity 66996K, committed 67200K, reserved 1107968K
  class space    used 8567K, capacity 9308K, committed 9344K, reserved 1048576K
Event: 46.224 GC heap after
Heap after GC invocations=22 (full 3):
 PSYoungGen      total 125952K, used 11276K [0x00000000e0000000, 0x00000000ea780000, 0x0000000100000000)
  eden space 99328K, 0% used [0x00000000e0000000,0x00000000e0000000,0x00000000e6100000)
  from space 26624K, 42% used [0x00000000e6100000,0x00000000e6c03140,0x00000000e7b00000)
  to   space 25600K, 0% used [0x00000000e8e80000,0x00000000e8e80000,0x00000000ea780000)
 ParOldGen       total 111616K, used 47492K [0x00000000a0000000, 0x00000000a6d00000, 0x00000000e0000000)
  object space 111616K, 42% used [0x00000000a0000000,0x00000000a2e613e8,0x00000000a6d00000)
 Metaspace       used 64197K, capacity 66996K, committed 67200K, reserved 1107968K
  class space    used 8567K, capacity 9308K, committed 9344K, reserved 1048576K
}
Event: 84.481 GC heap before
{Heap before GC invocations=23 (full 3):
 PSYoungGen      total 125952K, used 110604K [0x00000000e0000000, 0x00000000ea780000, 0x0000000100000000)
  eden space 99328K, 100% used [0x00000000e0000000,0x00000000e6100000,0x00000000e6100000)
  from space 26624K, 42% used [0x00000000e6100000,0x00000000e6c03140,0x00000000e7b00000)
  to   space 25600K, 0% used [0x00000000e8e80000,0x00000000e8e80000,0x00000000ea780000)
 ParOldGen       total 111616K, used 47492K [0x00000000a0000000, 0x00000000a6d00000, 0x00000000e0000000)
  object space 111616K, 42% used [0x00000000a0000000,0x00000000a2e613e8,0x00000000a6d00000)
 Metaspace       used 67050K, capacity 69964K, committed 70144K, reserved 1110016K
  class space    used 8907K, capacity 9646K, committed 9728K, reserved 1048576K
Event: 84.496 GC heap after
Heap after GC invocations=23 (full 3):
 PSYoungGen      total 138752K, used 13629K [0x00000000e0000000, 0x00000000ea300000, 0x0000000100000000)
  eden space 117760K, 0% used [0x00000000e0000000,0x00000000e0000000,0x00000000e7300000)
  from space 20992K, 64% used [0x00000000e8e80000,0x00000000e9bcf708,0x00000000ea300000)
  to   space 24576K, 0% used [0x00000000e7300000,0x00000000e7300000,0x00000000e8b00000)
 ParOldGen       total 111616K, used 47500K [0x00000000a0000000, 0x00000000a6d00000, 0x00000000e0000000)
  object space 111616K, 42% used [0x00000000a0000000,0x00000000a2e633e8,0x00000000a6d00000)
 Metaspace       used 67050K, capacity 69964K, committed 70144K, reserved 1110016K
  class space    used 8907K, capacity 9646K, committed 9728K, reserved 1048576K
}
Event: 5271.349 GC heap before
{Heap before GC invocations=24 (full 3):
 PSYoungGen      total 138752K, used 131389K [0x00000000e0000000, 0x00000000ea300000, 0x0000000100000000)
  eden space 117760K, 100% used [0x00000000e0000000,0x00000000e7300000,0x00000000e7300000)
  from space 20992K, 64% used [0x00000000e8e80000,0x00000000e9bcf708,0x00000000ea300000)
  to   space 24576K, 0% used [0x00000000e7300000,0x00000000e7300000,0x00000000e8b00000)
 ParOldGen       total 111616K, used 47500K [0x00000000a0000000, 0x00000000a6d00000, 0x00000000e0000000)
  object space 111616K, 42% used [0x00000000a0000000,0x00000000a2e633e8,0x00000000a6d00000)
 Metaspace       used 67771K, capacity 71052K, committed 71296K, reserved 1110016K
  class space    used 8961K, capacity 9798K, committed 9856K, reserved 1048576K
Event: 5271.390 GC heap after
Heap after GC invocations=24 (full 3):
 PSYoungGen      total 124416K, used 9916K [0x00000000e0000000, 0x00000000e9e80000, 0x0000000100000000)
  eden space 114176K, 0% used [0x00000000e0000000,0x00000000e0000000,0x00000000e6f80000)
  from space 10240K, 96% used [0x00000000e7300000,0x00000000e7caf280,0x00000000e7d00000)
  to   space 24064K, 0% used [0x00000000e8700000,0x00000000e8700000,0x00000000e9e80000)
 ParOldGen       total 111616K, used 47508K [0x00000000a0000000, 0x00000000a6d00000, 0x00000000e0000000)
  object space 111616K, 42% used [0x00000000a0000000,0x00000000a2e653e8,0x00000000a6d00000)
 Metaspace       used 67771K, capacity 71052K, committed 71296K, reserved 1110016K
  class space    used 8961K, capacity 9798K, committed 9856K, reserved 1048576K
}
Event: 5330.740 GC heap before
{Heap before GC invocations=25 (full 3):
 PSYoungGen      total 124416K, used 124046K [0x00000000e0000000, 0x00000000e9e80000, 0x0000000100000000)
  eden space 114176K, 99% used [0x00000000e0000000,0x00000000e6f74790,0x00000000e6f80000)
  from space 10240K, 96% used [0x00000000e7300000,0x00000000e7caf280,0x00000000e7d00000)
  to   space 24064K, 0% used [0x00000000e8700000,0x00000000e8700000,0x00000000e9e80000)
 ParOldGen       total 111616K, used 47508K [0x00000000a0000000, 0x00000000a6d00000, 0x00000000e0000000)
  object space 111616K, 42% used [0x00000000a0000000,0x00000000a2e653e8,0x00000000a6d00000)
 Metaspace       used 70156K, capacity 73498K, committed 73728K, reserved 1112064K
  class space    used 9288K, capacity 10125K, committed 10240K, reserved 1048576K
Event: 5330.756 GC heap after
Heap after GC invocations=25 (full 3):
 PSYoungGen      total 132096K, used 16808K [0x00000000e0000000, 0x00000000e9c00000, 0x0000000100000000)
  eden space 110592K, 0% used [0x00000000e0000000,0x00000000e0000000,0x00000000e6c00000)
  from space 21504K, 78% used [0x00000000e8700000,0x00000000e976a048,0x00000000e9c00000)
  to   space 24576K, 0% used [0x00000000e6c00000,0x00000000e6c00000,0x00000000e8400000)
 ParOldGen       total 111616K, used 47516K [0x00000000a0000000, 0x00000000a6d00000, 0x00000000e0000000)
  object space 111616K, 42% used [0x00000000a0000000,0x00000000a2e673e8,0x00000000a6d00000)
 Metaspace       used 70156K, capacity 73498K, committed 73728K, reserved 1112064K
  class space    used 9288K, capacity 10125K, committed 10240K, reserved 1048576K
}

